#:C9     
#Xilinx FPGA Editor Command Log File
#Editor Version:
#:V   NT M2.1 P.20131013
#Current Working Directory:
#:D   C:\Users\ANDRES\Documents\GitHub\arquitortura\Sumador-Restador
#Date/Time:
#:T   Thu Oct 05 17:43:41 2017
#------------------------------
	#Reading SUM_RES.ncd...
	#Loading device for application Rf_Device from file '3s200.nph' in environment C:\Xilinx\14.7\ISE_DS\ISE\.
	#   "SUM_RES" is an NCD, version 3.2, device xc3s200, package ft256, speed -5
	#Design creation date: 2017.10.05.22.41.15
	#Building chip graphics...
	#Loading speed info...
	#1
setattr main edit-mode no-logic-changes
	#2
unselect -all
	#3
select rpm 'Shape_0'
	#RPM Shape_0, type CARRY
	#4
unselect -all
	#5
select rpm 'Shape_0'
	#RPM Shape_0, type CARRY
	#6
unselect -all
	#7
select comp 'S_4_OBUF'
	#comp "S_4_OBUF",  site "SLICE_X25Y46",  type = SLICEL  (RPM grid X39Y98)
	#8
post block
	#9
unselect comp 'S_4_OBUF'
	#10
select -k comp 'A<2>'
