--------------------------------------------------------------------------------
Release 14.7 Trace  (nt64)
Copyright (c) 1995-2013 Xilinx, Inc.  All rights reserved.

C:\Xilinx\14.7\ISE_DS\ISE\bin\nt64\unwrapped\trce.exe -intstyle ise -v 3 -s 3
-n 3 -fastpaths -xml ALU.twx ALU.ncd -o ALU.twr ALU.pcf -ucf SIMU.ucf

Design file:              ALU.ncd
Physical constraint file: ALU.pcf
Device,package,speed:     xc7a100t,csg324,C,-3 (PRODUCTION 1.10 2013-10-13)
Report level:             verbose report

Environment Variable      Effect 
--------------------      ------ 
NONE                      No environment variables were set
--------------------------------------------------------------------------------

INFO:Timing:2698 - No timing constraints found, doing default enumeration.
INFO:Timing:3412 - To improve timing, see the Timing Closure User Guide (UG612).
INFO:Timing:2752 - To get complete path coverage, use the unconstrained paths 
   option. All paths that are not constrained will be reported in the 
   unconstrained paths section(s) of the report.
INFO:Timing:3339 - The clock-to-out numbers in this timing report are based on 
   a 50 Ohm transmission line loading model.  For the details of this model, 
   and for more information on accounting for different loading conditions, 
   please see the device datasheet.



Data Sheet report:
-----------------
All values displayed in nanoseconds (ns)

Pad to Pad
---------------+---------------+---------+
Source Pad     |Destination Pad|  Delay  |
---------------+---------------+---------+
A<0>           |CN             |    7.710|
A<0>           |S<0>           |    7.024|
A<0>           |S<1>           |    7.412|
A<0>           |S<2>           |    8.185|
A<0>           |S<3>           |    7.588|
A<1>           |CN             |    7.604|
A<1>           |S<1>           |    7.322|
A<1>           |S<2>           |    8.079|
A<1>           |S<3>           |    7.482|
A<2>           |CN             |    6.827|
A<2>           |S<2>           |    7.528|
A<2>           |S<3>           |    6.826|
A<3>           |CN             |    6.723|
A<3>           |S<3>           |    6.900|
B<0>           |CN             |    7.677|
B<0>           |S<0>           |    7.423|
B<0>           |S<1>           |    7.380|
B<0>           |S<2>           |    8.152|
B<0>           |S<3>           |    7.555|
B<1>           |CN             |    7.285|
B<1>           |S<1>           |    6.995|
B<1>           |S<2>           |    7.760|
B<1>           |S<3>           |    7.163|
B<2>           |CN             |    6.922|
B<2>           |S<2>           |    7.830|
B<2>           |S<3>           |    6.920|
B<3>           |CN             |    6.896|
B<3>           |S<3>           |    6.710|
BINVERT        |CN             |    9.128|
BINVERT        |S<1>           |    8.842|
BINVERT        |S<2>           |    9.603|
BINVERT        |S<3>           |    9.006|
---------------+---------------+---------+


Analysis completed Mon Sep 04 13:21:34 2017 
--------------------------------------------------------------------------------

Trace Settings:
-------------------------
Trace Settings 

Peak Memory Usage: 672 MB



