Release 14.7 - xst P.20131013 (nt64)
Copyright (c) 1995-2013 Xilinx, Inc.  All rights reserved.
--> Parameter TMPDIR set to xst/projnav.tmp


Total REAL time to Xst completion: 1.00 secs
Total CPU time to Xst completion: 0.15 secs
 
--> Parameter xsthdpdir set to xst


Total REAL time to Xst completion: 1.00 secs
Total CPU time to Xst completion: 0.16 secs
 
--> Reading design: ALUpractica.prj

TABLE OF CONTENTS
  1) Synthesis Options Summary
  2) HDL Parsing
  3) HDL Elaboration
  4) HDL Synthesis
       4.1) HDL Synthesis Report
  5) Advanced HDL Synthesis
       5.1) Advanced HDL Synthesis Report
  6) Low Level Synthesis
  7) Partition Report
  8) Design Summary
       8.1) Primitive and Black Box Usage
       8.2) Device utilization summary
       8.3) Partition Resource Summary
       8.4) Timing Report
            8.4.1) Clock Information
            8.4.2) Asynchronous Control Signals Information
            8.4.3) Timing Summary
            8.4.4) Timing Details
            8.4.5) Cross Clock Domains Report


=========================================================================
*                      Synthesis Options Summary                        *
=========================================================================
---- Source Parameters
Input File Name                    : "ALUpractica.prj"
Ignore Synthesis Constraint File   : NO

---- Target Parameters
Output File Name                   : "ALUpractica"
Output Format                      : NGC
Target Device                      : xc7a100t-3-csg324

---- Source Options
Top Module Name                    : ALUpractica
Automatic FSM Extraction           : YES
FSM Encoding Algorithm             : Auto
Safe Implementation                : No
FSM Style                          : LUT
RAM Extraction                     : Yes
RAM Style                          : Auto
ROM Extraction                     : Yes
Shift Register Extraction          : YES
ROM Style                          : Auto
Resource Sharing                   : YES
Asynchronous To Synchronous        : NO
Shift Register Minimum Size        : 2
Use DSP Block                      : Auto
Automatic Register Balancing       : No

---- Target Options
LUT Combining                      : Auto
Reduce Control Sets                : Auto
Add IO Buffers                     : YES
Global Maximum Fanout              : 100000
Add Generic Clock Buffer(BUFG)     : 16
Register Duplication               : YES
Optimize Instantiated Primitives   : NO
Use Clock Enable                   : Auto
Use Synchronous Set                : Auto
Use Synchronous Reset              : Auto
Pack IO Registers into IOBs        : Auto
Equivalent register Removal        : YES

---- General Options
Optimization Goal                  : Speed
Optimization Effort                : 1
Power Reduction                    : NO
Keep Hierarchy                     : No
Netlist Hierarchy                  : As_Optimized
RTL Output                         : Yes
Global Optimization                : AllClockNets
Read Cores                         : YES
Write Timing Constraints           : NO
Cross Clock Analysis               : NO
Hierarchy Separator                : /
Bus Delimiter                      : <>
Case Specifier                     : Maintain
Slice Utilization Ratio            : 100
BRAM Utilization Ratio             : 100
DSP48 Utilization Ratio            : 100
Auto BRAM Packing                  : NO
Slice Utilization Ratio Delta      : 5

=========================================================================


=========================================================================
*                          HDL Parsing                                  *
=========================================================================
Parsing VHDL file "C:\Users\ANDRES\Documents\GitHub\arquitortura\ALU\ALUpractica.vhd" into library work
Parsing entity <ALUpractica>.
Parsing architecture <Behavioral> of entity <alupractica>.

=========================================================================
*                            HDL Elaboration                            *
=========================================================================

Elaborating entity <ALUpractica> (architecture <Behavioral>) with generics from library <work>.
WARNING:HDLCompiler:746 - "C:\Users\ANDRES\Documents\GitHub\arquitortura\ALU\ALUpractica.vhd" Line 83: Range is empty (null range)

=========================================================================
*                           HDL Synthesis                               *
=========================================================================

Synthesizing Unit <ALUpractica>.
    Related source file is "C:\Users\ANDRES\Documents\GitHub\arquitortura\ALU\ALUpractica.vhd".
        N = 4
    Found 1-bit 4-to-1 multiplexer for signal <PALU.VRES<0>> created at line 66.
    Found 1-bit 4-to-1 multiplexer for signal <PALU.VRES<1>> created at line 66.
    Found 1-bit 4-to-1 multiplexer for signal <PALU.VRES<2>> created at line 66.
    Found 1-bit 4-to-1 multiplexer for signal <BN> created at line 66.
WARNING:Xst:737 - Found 1-bit latch for signal <RES<2>>. Latches may be generated from incomplete case or if statements. We do not recommend the use of latches in FPGA/CPLD designs, as they may lead to timing problems.
WARNING:Xst:737 - Found 1-bit latch for signal <RES<1>>. Latches may be generated from incomplete case or if statements. We do not recommend the use of latches in FPGA/CPLD designs, as they may lead to timing problems.
WARNING:Xst:737 - Found 1-bit latch for signal <RES<0>>. Latches may be generated from incomplete case or if statements. We do not recommend the use of latches in FPGA/CPLD designs, as they may lead to timing problems.
WARNING:Xst:737 - Found 1-bit latch for signal <RES<3>>. Latches may be generated from incomplete case or if statements. We do not recommend the use of latches in FPGA/CPLD designs, as they may lead to timing problems.
    Summary:
	inferred   4 Latch(s).
	inferred  14 Multiplexer(s).
Unit <ALUpractica> synthesized.

=========================================================================
HDL Synthesis Report

Macro Statistics
# Latches                                              : 4
 1-bit latch                                           : 4
# Multiplexers                                         : 14
 1-bit 2-to-1 multiplexer                              : 8
 1-bit 4-to-1 multiplexer                              : 4
 4-bit 2-to-1 multiplexer                              : 2
# Xors                                                 : 17
 1-bit xor2                                            : 17

=========================================================================

=========================================================================
*                       Advanced HDL Synthesis                          *
=========================================================================


=========================================================================
Advanced HDL Synthesis Report

Macro Statistics
# Multiplexers                                         : 14
 1-bit 2-to-1 multiplexer                              : 8
 1-bit 4-to-1 multiplexer                              : 4
 4-bit 2-to-1 multiplexer                              : 2
# Xors                                                 : 17
 1-bit xor2                                            : 17

=========================================================================

=========================================================================
*                         Low Level Synthesis                           *
=========================================================================

Optimizing unit <ALUpractica> ...

Mapping all equations...
Building and optimizing final netlist ...
Found area constraint ratio of 100 (+ 5) on block ALUpractica, actual ratio is 0.

Final Macro Processing ...

=========================================================================
Final Register Report

Found no macro
=========================================================================

=========================================================================
*                           Partition Report                            *
=========================================================================

Partition Implementation Status
-------------------------------

  No Partitions were found in this design.

-------------------------------

=========================================================================
*                            Design Summary                             *
=========================================================================

Top Level Output File Name         : ALUpractica.ngc

Primitive and Black Box Usage:
------------------------------
# BELS                             : 24
#      LUT2                        : 6
#      LUT3                        : 1
#      LUT4                        : 3
#      LUT5                        : 3
#      LUT6                        : 10
#      MUXF7                       : 1
# FlipFlops/Latches                : 4
#      LD                          : 4
# IO Buffers                       : 21
#      IBUF                        : 12
#      OBUF                        : 9

Device utilization summary:
---------------------------

Selected Device : 7a100tcsg324-3 


Slice Logic Utilization: 
 Number of Slice LUTs:                   23  out of  63400     0%  
    Number used as Logic:                23  out of  63400     0%  

Slice Logic Distribution: 
 Number of LUT Flip Flop pairs used:     23
   Number with an unused Flip Flop:      23  out of     23   100%  
   Number with an unused LUT:             0  out of     23     0%  
   Number of fully used LUT-FF pairs:     0  out of     23     0%  
   Number of unique control sets:         1

IO Utilization: 
 Number of IOs:                          21
 Number of bonded IOBs:                  21  out of    210    10%  
    IOB Flip Flops/Latches:               4

Specific Feature Utilization:

---------------------------
Partition Resource Summary:
---------------------------

  No Partitions were found in this design.

---------------------------


=========================================================================
Timing Report

NOTE: THESE TIMING NUMBERS ARE ONLY A SYNTHESIS ESTIMATE.
      FOR ACCURATE TIMING INFORMATION PLEASE REFER TO THE TRACE REPORT
      GENERATED AFTER PLACE-and-ROUTE.

Clock Information:
------------------
----------------------------------------------------+------------------------+-------+
Clock Signal                                        | Clock buffer(FF name)  | Load  |
----------------------------------------------------+------------------------+-------+
OP[1]_PWR_4_o_Mux_21_o(OP[1]_PWR_4_o_Mux_21_o<1>1:O)| NONE(*)(RES_2)         | 4     |
----------------------------------------------------+------------------------+-------+
(*) This 1 clock signal(s) are generated by combinatorial logic,
and XST is not able to identify which are the primary clock signals.
Please use the CLOCK_SIGNAL constraint to specify the clock signal(s) generated by combinatorial logic.
INFO:Xst:2169 - HDL ADVISOR - Some clock signals were not automatically buffered by XST with BUFG/BUFR resources. Please use the buffer_type constraint in order to insert these buffers to the clock signals to help prevent skew problems.

Asynchronous Control Signals Information:
----------------------------------------
No asynchronous control signals found in this design

Timing Summary:
---------------
Speed Grade: -3

   Minimum period: No path found
   Minimum input arrival time before clock: 2.123ns
   Maximum output required time after clock: 0.751ns
   Maximum combinational path delay: 3.648ns

Timing Details:
---------------
All values displayed in nanoseconds (ns)

=========================================================================
Timing constraint: Default OFFSET IN BEFORE for Clock 'OP[1]_PWR_4_o_Mux_21_o'
  Total number of paths / destination ports: 46 / 4
-------------------------------------------------------------------------
Offset:              2.123ns (Levels of Logic = 4)
  Source:            OP<1> (PAD)
  Destination:       RES_2 (LATCH)
  Destination Clock: OP[1]_PWR_4_o_Mux_21_o falling

  Data Path: OP<1> to RES_2
                                Gate     Net
    Cell:in->out      fanout   Delay   Delay  Logical Name (Net Name)
    ----------------------------------------  ------------
     IBUF:I->O             4   0.001   0.393  OP_1_IBUF (OP_1_IBUF)
     LUT2:I0->O            9   0.097   0.730  OP[1]_PWR_4_o_Mux_21_o<1>1 (OP[1]_PWR_4_o_Mux_21_o)
     LUT6:I0->O            4   0.097   0.707  A[1]_BINVERT_OR_5_o1 (A[1]_BINVERT_OR_5_o)
     LUT6:I0->O            2   0.097   0.000  Mxor_A[2]_OP[1]_XOR_18_o_xo<0>1 (A[2]_OP[1]_XOR_18_o)
     LD:D                     -0.028          RES_2
    ----------------------------------------
    Total                      2.123ns (0.292ns logic, 1.831ns route)
                                       (13.8% logic, 86.2% route)

=========================================================================
Timing constraint: Default OFFSET OUT AFTER for Clock 'OP[1]_PWR_4_o_Mux_21_o'
  Total number of paths / destination ports: 4 / 4
-------------------------------------------------------------------------
Offset:              0.751ns (Levels of Logic = 1)
  Source:            RES_3 (LATCH)
  Destination:       RES<3> (PAD)
  Source Clock:      OP[1]_PWR_4_o_Mux_21_o falling

  Data Path: RES_3 to RES<3>
                                Gate     Net
    Cell:in->out      fanout   Delay   Delay  Logical Name (Net Name)
    ----------------------------------------  ------------
     LD:G->Q               1   0.472   0.279  RES_3 (RES_3)
     OBUF:I->O                 0.000          RES_3_OBUF (RES<3>)
    ----------------------------------------
    Total                      0.751ns (0.472ns logic, 0.279ns route)
                                       (62.8% logic, 37.2% route)

=========================================================================
Timing constraint: Default path analysis
  Total number of paths / destination ports: 225 / 5
-------------------------------------------------------------------------
Delay:               3.648ns (Levels of Logic = 8)
  Source:            OP<1> (PAD)
  Destination:       BZ (PAD)

  Data Path: OP<1> to BZ
                                Gate     Net
    Cell:in->out      fanout   Delay   Delay  Logical Name (Net Name)
    ----------------------------------------  ------------
     IBUF:I->O             4   0.001   0.393  OP_1_IBUF (OP_1_IBUF)
     LUT2:I0->O            9   0.097   0.730  OP[1]_PWR_4_o_Mux_21_o<1>1 (OP[1]_PWR_4_o_Mux_21_o)
     LUT6:I0->O            4   0.097   0.393  A[1]_BINVERT_OR_5_o1 (A[1]_BINVERT_OR_5_o)
     LUT6:I4->O            2   0.097   0.383  Mxor_A[3]_OP[1]_XOR_24_o_xo<0>1 (A[3]_OP[1]_XOR_24_o)
     LUT5:I3->O            3   0.097   0.703  Mmux_BN1 (BN_OBUF)
     LUT6:I0->O            1   0.097   0.000  BZ6_G (N7)
     MUXF7:I1->O           1   0.279   0.279  BZ6 (BZ_OBUF)
     OBUF:I->O                 0.000          BZ_OBUF (BZ)
    ----------------------------------------
    Total                      3.648ns (0.765ns logic, 2.883ns route)
                                       (21.0% logic, 79.0% route)

=========================================================================

Cross Clock Domains Report:
--------------------------

=========================================================================


Total REAL time to Xst completion: 22.00 secs
Total CPU time to Xst completion: 21.73 secs
 
--> 

Total memory usage is 413840 kilobytes

Number of errors   :    0 (   0 filtered)
Number of warnings :    5 (   0 filtered)
Number of infos    :    1 (   0 filtered)

